<?xml version="1.0" encoding="UTF-8"?>
<!-- Generated by org.testng.reporters.JUnitXMLReporter -->
<testsuite ignored="0" hostname="IM1-FM7Y0X2" failures="0" tests="6" name="Surefire test" time="0.079" errors="0" timestamp="2021-08-29T02:20:15 IST">
  <testcase classname="mavenPractice.maven_Demo.AppiumTest" name="iOSapp" time="0.008"/>
  <testcase classname="mavenPractice.maven_Demo.AppiumTest" name="nativeApp" time="0.001"/>
  <testcase classname="mavenPractice.maven_Demo.RestAPITest" name="deleteTwitter" time="0.0"/>
  <testcase classname="mavenPractice.maven_Demo.RestAPITest" name="postJira" time="0.0"/>
  <testcase classname="mavenPractice.maven_Demo.SeleniumTest" name="BrowserAutomation" time="0.001"/>
  <testcase classname="mavenPractice.maven_Demo.SeleniumTest" name="ElementsUi" time="0.001"/>
</testsuite> <!-- Surefire test -->
