<?xml version="1.0" encoding="UTF-8"?>
<!-- Generated by org.testng.reporters.JUnitXMLReporter -->
<testsuite ignored="0" hostname="IM1-FM7Y0X2" failures="0" tests="4" name="Test" time="0.067" errors="0" timestamp="2021-08-29T02:48:14 IST">
  <testcase classname="mavenPractice.maven_Demo.RestAPITest" name="deleteTwitter" time="0.006"/>
  <testcase classname="mavenPractice.maven_Demo.RestAPITest" name="postJira" time="0.0"/>
  <testcase classname="mavenPractice.maven_Demo.AppiumTest" name="iOSapp" time="0.001"/>
  <testcase classname="mavenPractice.maven_Demo.AppiumTest" name="nativeApp" time="0.0"/>
</testsuite> <!-- Test -->
