<?xml version="1.0" encoding="UTF-8"?>
<testng-results ignored="0" total="4" passed="4" failed="0" skipped="0">
  <reporter-output>
  </reporter-output>
  <suite started-at="2021-08-29T02:48:14 IST" name="Suite" finished-at="2021-08-29T02:48:14 IST" duration-ms="67">
    <groups>
    </groups>
    <test started-at="2021-08-29T02:48:14 IST" name="Test" finished-at="2021-08-29T02:48:14 IST" duration-ms="67">
      <class name="mavenPractice.maven_Demo.RestAPITest">
        <test-method signature="deleteTwitter()[pri:0, instance:mavenPractice.maven_Demo.RestAPITest@23529fee]" started-at="2021-08-29T02:48:14 IST" name="deleteTwitter" finished-at="2021-08-29T02:48:14 IST" duration-ms="6" status="PASS">
          <reporter-output>
          </reporter-output>
        </test-method> <!-- deleteTwitter -->
        <test-method signature="postJira()[pri:0, instance:mavenPractice.maven_Demo.RestAPITest@23529fee]" started-at="2021-08-29T02:48:14 IST" name="postJira" finished-at="2021-08-29T02:48:14 IST" duration-ms="0" status="PASS">
          <reporter-output>
          </reporter-output>
        </test-method> <!-- postJira -->
      </class> <!-- mavenPractice.maven_Demo.RestAPITest -->
      <class name="mavenPractice.maven_Demo.AppiumTest">
        <test-method signature="iOSapp()[pri:0, instance:mavenPractice.maven_Demo.AppiumTest@12d4bf7e]" started-at="2021-08-29T02:48:14 IST" name="iOSapp" finished-at="2021-08-29T02:48:14 IST" duration-ms="1" status="PASS">
          <reporter-output>
          </reporter-output>
        </test-method> <!-- iOSapp -->
        <test-method signature="nativeApp()[pri:0, instance:mavenPractice.maven_Demo.AppiumTest@12d4bf7e]" started-at="2021-08-29T02:48:14 IST" name="nativeApp" finished-at="2021-08-29T02:48:14 IST" duration-ms="0" status="PASS">
          <reporter-output>
          </reporter-output>
        </test-method> <!-- nativeApp -->
      </class> <!-- mavenPractice.maven_Demo.AppiumTest -->
    </test> <!-- Test -->
  </suite> <!-- Suite -->
</testng-results>
