<?xml version="1.0" encoding="UTF-8"?>
<testng-results ignored="0" total="1" passed="1" failed="0" skipped="0">
  <reporter-output>
  </reporter-output>
  <suite started-at="2021-08-29T01:54:27 IST" name="Default suite" finished-at="2021-08-29T01:54:27 IST" duration-ms="68">
    <groups>
    </groups>
    <test started-at="2021-08-29T01:54:27 IST" name="Default test" finished-at="2021-08-29T01:54:27 IST" duration-ms="68">
      <class name="mavenPractice.maven_Demo.SeleniumTest">
        <test-method signature="BrowserAutomation()[pri:0, instance:mavenPractice.maven_Demo.SeleniumTest@2f8dad04]" started-at="2021-08-29T01:54:27 IST" name="BrowserAutomation" finished-at="2021-08-29T01:54:27 IST" duration-ms="13" status="PASS">
          <reporter-output>
          </reporter-output>
        </test-method> <!-- BrowserAutomation -->
      </class> <!-- mavenPractice.maven_Demo.SeleniumTest -->
    </test> <!-- Default test -->
  </suite> <!-- Default suite -->
</testng-results>
